<?xml version="1.0" encoding="UTF-8"?>
<!-- Generated by org.testng.reporters.JUnitReportReporter -->
<testsuite hostname="DESKTOP-L24EI5G" failures="0" tests="3" name="Runner.TestRunner" time="92.277" errors="0" timestamp="2025-04-13T04:17:05 IST" skipped="0">
  <testcase classname="Runner.TestRunner" name="runScenario" time="49.243"/>
  <testcase classname="Runner.TestRunner" name="runScenario" time="17.374"/>
  <testcase classname="Runner.TestRunner" name="runScenario" time="25.660"/>
</testsuite> <!-- Runner.TestRunner -->
