<?xml version="1.0" encoding="UTF-8"?>
<!-- Generated by org.testng.reporters.JUnitReportReporter -->
<testsuite hostname="DESKTOP-L24EI5G" failures="0" tests="3" name="Runner.TestRunner" time="86.939" errors="0" timestamp="2025-04-14T12:57:07 IST" skipped="0">
  <testcase classname="Runner.TestRunner" name="runScenario" time="17.564"/>
  <testcase classname="Runner.TestRunner" name="runScenario" time="30.788"/>
  <testcase classname="Runner.TestRunner" name="runScenario" time="38.587"/>
</testsuite> <!-- Runner.TestRunner -->
